0 info it worked if it ends with ok
1 verbose cli [ '/usr/local/Cellar/node/7.4.0/bin/node',
1 verbose cli   '/usr/local/bin/npm',
1 verbose cli   'remove',
1 verbose cli   'undefined' ]
2 info using npm@4.0.5
3 info using node@v7.4.0
4 silly loadCurrentTree Starting
5 silly install loadCurrentTree
6 silly install readLocalPackageData
7 silly install normalizeTree
8 silly loadCurrentTree Finishing
9 silly loadIdealTree Starting
10 silly install loadIdealTree
11 silly cloneCurrentTree Starting
12 silly install cloneCurrentTreeToIdealTree
13 silly cloneCurrentTree Finishing
14 silly loadShrinkwrap Starting
15 silly install loadShrinkwrap
16 silly loadShrinkwrap Finishing
17 silly loadAllDepsIntoIdealTree Starting
18 silly uninstall loadAllDepsIntoIdealtree
19 silly loadAllDepsIntoIdealTree Finishing
20 silly loadIdealTree Finishing
21 silly currentTree sat-spark@0.0.3
21 silly currentTree ├── abbrev@1.0.9
21 silly currentTree ├── absurd@0.3.8
21 silly currentTree ├── accepts@1.3.3
21 silly currentTree ├── after@0.8.2
21 silly currentTree ├── argparse@0.1.16
21 silly currentTree ├── arraybuffer.slice@0.0.6
21 silly currentTree ├── babel-runtime@6.22.0
21 silly currentTree ├── backo2@1.0.2
21 silly currentTree ├── balanced-match@0.4.2
21 silly currentTree ├── base64-arraybuffer@0.1.5
21 silly currentTree ├── base64id@1.0.0
21 silly currentTree ├── better-assert@1.0.2
21 silly currentTree ├── bindings@1.2.1
21 silly currentTree ├── blob@0.0.4
21 silly currentTree ├── brace-expansion@1.1.6
21 silly currentTree ├── bufferutil@1.3.0
21 silly currentTree ├── c3@0.4.11
21 silly currentTree ├── callsite@1.0.0
21 silly currentTree ├── colors@0.6.2
21 silly currentTree ├── component-bind@1.0.0
21 silly currentTree ├── component-emitter@1.1.2
21 silly currentTree ├── component-inherit@0.0.3
21 silly currentTree ├── concat-map@0.0.1
21 silly currentTree ├── config-chain@1.1.11
21 silly currentTree ├── cookie@0.3.1
21 silly currentTree ├── core-js@2.4.1
21 silly currentTree ├── d3@3.5.17
21 silly currentTree ├── debug@2.3.3
21 silly currentTree ├─┬ engine.io-client@1.8.2
21 silly currentTree │ ├── component-emitter@1.2.1
21 silly currentTree │ └── engine.io-parser@1.3.2
21 silly currentTree ├── engine.io-parser@2.0.0
21 silly currentTree ├── engine.io@2.0.0
21 silly currentTree ├── esprima@1.0.4
21 silly currentTree ├── fibers@1.0.15
21 silly currentTree ├── fs.realpath@1.0.0
21 silly currentTree ├── gaze@1.1.0
21 silly currentTree ├── glob@5.0.15
21 silly currentTree ├─┬ globule@1.1.0
21 silly currentTree │ └── glob@7.1.1
21 silly currentTree ├── has-binary@0.1.7
21 silly currentTree ├── has-cors@1.1.0
21 silly currentTree ├── incredibles@0.0.46
21 silly currentTree ├── indexof@0.0.1
21 silly currentTree ├── inflight@1.0.6
21 silly currentTree ├── inherits@2.0.3
21 silly currentTree ├── ini@1.3.4
21 silly currentTree ├── isarray@0.0.1
21 silly currentTree ├── js-beautify@1.4.2
21 silly currentTree ├── js-yaml@3.0.1
21 silly currentTree ├── json3@3.3.2
21 silly currentTree ├── lodash@4.16.6
21 silly currentTree ├─┬ meteor-node-stubs@0.2.5
21 silly currentTree │ ├── asn1.js@4.9.0
21 silly currentTree │ ├── assert@1.4.1
21 silly currentTree │ ├── base64-js@1.2.0
21 silly currentTree │ ├── Base64@0.2.1
21 silly currentTree │ ├── bn.js@4.11.6
21 silly currentTree │ ├── brorand@1.0.6
21 silly currentTree │ ├── browserify-aes@1.0.6
21 silly currentTree │ ├── browserify-cipher@1.0.0
21 silly currentTree │ ├── browserify-des@1.0.0
21 silly currentTree │ ├── browserify-rsa@4.0.1
21 silly currentTree │ ├── browserify-sign@4.0.0
21 silly currentTree │ ├── browserify-zlib@0.1.4
21 silly currentTree │ ├── buffer-shims@1.0.0
21 silly currentTree │ ├── buffer-xor@1.0.3
21 silly currentTree │ ├── buffer@4.9.1
21 silly currentTree │ ├── cipher-base@1.0.3
21 silly currentTree │ ├── console-browserify@1.1.0
21 silly currentTree │ ├── constants-browserify@1.0.0
21 silly currentTree │ ├── core-util-is@1.0.2
21 silly currentTree │ ├── create-ecdh@4.0.0
21 silly currentTree │ ├── create-hash@1.1.2
21 silly currentTree │ ├── create-hmac@1.1.4
21 silly currentTree │ ├── crypto-browserify@3.11.0
21 silly currentTree │ ├── date-now@0.1.4
21 silly currentTree │ ├── des.js@1.0.0
21 silly currentTree │ ├── diffie-hellman@5.0.2
21 silly currentTree │ ├── domain-browser@1.1.7
21 silly currentTree │ ├── elliptic@6.3.2
21 silly currentTree │ ├── events@1.1.1
21 silly currentTree │ ├── evp_bytestokey@1.0.0
21 silly currentTree │ ├── hash.js@1.0.3
21 silly currentTree │ ├── http-browserify@1.7.0
21 silly currentTree │ ├── https-browserify@0.0.1
21 silly currentTree │ ├── ieee754@1.1.8
21 silly currentTree │ ├── indexof@0.0.1
21 silly currentTree │ ├── inherits@2.0.1
21 silly currentTree │ ├── isarray@1.0.0
21 silly currentTree │ ├── miller-rabin@4.0.0
21 silly currentTree │ ├── minimalistic-assert@1.0.0
21 silly currentTree │ ├── os-browserify@0.2.1
21 silly currentTree │ ├── pako@0.2.9
21 silly currentTree │ ├── parse-asn1@5.0.0
21 silly currentTree │ ├── path-browserify@0.0.0
21 silly currentTree │ ├── pbkdf2@3.0.9
21 silly currentTree │ ├── process-nextick-args@1.0.7
21 silly currentTree │ ├── process@0.11.9
21 silly currentTree │ ├── public-encrypt@4.0.0
21 silly currentTree │ ├── punycode@1.4.1
21 silly currentTree │ ├── querystring-es3@0.2.1
21 silly currentTree │ ├── querystring@0.2.0
21 silly currentTree │ ├── randombytes@2.0.3
21 silly currentTree │ ├── readable-stream@2.2.1
21 silly currentTree │ ├── ripemd160@1.0.1
21 silly currentTree │ ├── sha.js@2.4.8
21 silly currentTree │ ├── stream-browserify@2.0.1
21 silly currentTree │ ├── string_decoder@0.10.31
21 silly currentTree │ ├── timers-browserify@1.4.2
21 silly currentTree │ ├── tty-browserify@0.0.0
21 silly currentTree │ ├─┬ url@0.11.0
21 silly currentTree │ │ └── punycode@1.3.2
21 silly currentTree │ ├── util-deprecate@1.0.2
21 silly currentTree │ ├── util@0.10.3
21 silly currentTree │ └── vm-browserify@0.0.4
21 silly currentTree ├── mime-db@1.26.0
21 silly currentTree ├── mime-types@2.1.14
21 silly currentTree ├── minimatch@3.0.3
21 silly currentTree ├── minimist@0.0.10
21 silly currentTree ├── mkdirp@0.3.5
21 silly currentTree ├── moment@2.17.1
21 silly currentTree ├── ms@0.7.2
21 silly currentTree ├── nan@2.4.0
21 silly currentTree ├── negotiator@0.6.1
21 silly currentTree ├── nopt@2.1.2
21 silly currentTree ├── object-assign@4.1.1
21 silly currentTree ├── object-component@0.0.3
21 silly currentTree ├── once@1.4.0
21 silly currentTree ├── optimist@0.6.1
21 silly currentTree ├── options@0.0.6
21 silly currentTree ├── parsejson@0.0.3
21 silly currentTree ├── parseqs@0.0.5
21 silly currentTree ├── parseuri@0.0.5
21 silly currentTree ├── path-is-absolute@1.0.1
21 silly currentTree ├── proto-list@1.2.4
21 silly currentTree ├── regenerator-runtime@0.10.1
21 silly currentTree ├── socket.io-adapter@0.5.0
21 silly currentTree ├─┬ socket.io-client@1.7.2
21 silly currentTree │ └── component-emitter@1.2.1
21 silly currentTree ├─┬ socket.io-parser@2.3.1
21 silly currentTree │ ├── debug@2.2.0
21 silly currentTree │ └── ms@0.7.1
21 silly currentTree ├── to-array@0.1.4
21 silly currentTree ├── ultron@1.0.2
21 silly currentTree ├── undefined
21 silly currentTree ├── underscore.string@2.4.0
21 silly currentTree ├── underscore@1.7.0
21 silly currentTree ├── utf-8-validate@2.0.0
21 silly currentTree ├── uws@0.12.0
21 silly currentTree ├── wordwrap@0.0.3
21 silly currentTree ├── wrappy@1.0.2
21 silly currentTree ├── ws@1.1.1
21 silly currentTree ├── wtf-8@1.0.0
21 silly currentTree ├── xmlhttprequest-ssl@1.5.3
21 silly currentTree └── yeast@0.1.2
22 silly idealTree sat-spark@0.0.3
22 silly idealTree ├── abbrev@1.0.9
22 silly idealTree ├── absurd@0.3.8
22 silly idealTree ├── accepts@1.3.3
22 silly idealTree ├── after@0.8.2
22 silly idealTree ├── argparse@0.1.16
22 silly idealTree ├── arraybuffer.slice@0.0.6
22 silly idealTree ├── babel-runtime@6.22.0
22 silly idealTree ├── backo2@1.0.2
22 silly idealTree ├── balanced-match@0.4.2
22 silly idealTree ├── base64-arraybuffer@0.1.5
22 silly idealTree ├── base64id@1.0.0
22 silly idealTree ├── better-assert@1.0.2
22 silly idealTree ├── bindings@1.2.1
22 silly idealTree ├── blob@0.0.4
22 silly idealTree ├── brace-expansion@1.1.6
22 silly idealTree ├── bufferutil@1.3.0
22 silly idealTree ├── c3@0.4.11
22 silly idealTree ├── callsite@1.0.0
22 silly idealTree ├── colors@0.6.2
22 silly idealTree ├── component-bind@1.0.0
22 silly idealTree ├── component-emitter@1.1.2
22 silly idealTree ├── component-inherit@0.0.3
22 silly idealTree ├── concat-map@0.0.1
22 silly idealTree ├── config-chain@1.1.11
22 silly idealTree ├── cookie@0.3.1
22 silly idealTree ├── core-js@2.4.1
22 silly idealTree ├── d3@3.5.17
22 silly idealTree ├── debug@2.3.3
22 silly idealTree ├─┬ engine.io-client@1.8.2
22 silly idealTree │ ├── component-emitter@1.2.1
22 silly idealTree │ └── engine.io-parser@1.3.2
22 silly idealTree ├── engine.io-parser@2.0.0
22 silly idealTree ├── engine.io@2.0.0
22 silly idealTree ├── esprima@1.0.4
22 silly idealTree ├── fibers@1.0.15
22 silly idealTree ├── fs.realpath@1.0.0
22 silly idealTree ├── gaze@1.1.0
22 silly idealTree ├── glob@5.0.15
22 silly idealTree ├─┬ globule@1.1.0
22 silly idealTree │ └── glob@7.1.1
22 silly idealTree ├── has-binary@0.1.7
22 silly idealTree ├── has-cors@1.1.0
22 silly idealTree ├── incredibles@0.0.46
22 silly idealTree ├── indexof@0.0.1
22 silly idealTree ├── inflight@1.0.6
22 silly idealTree ├── inherits@2.0.3
22 silly idealTree ├── ini@1.3.4
22 silly idealTree ├── isarray@0.0.1
22 silly idealTree ├── js-beautify@1.4.2
22 silly idealTree ├── js-yaml@3.0.1
22 silly idealTree ├── json3@3.3.2
22 silly idealTree ├── lodash@4.16.6
22 silly idealTree ├─┬ meteor-node-stubs@0.2.5
22 silly idealTree │ ├── asn1.js@4.9.0
22 silly idealTree │ ├── assert@1.4.1
22 silly idealTree │ ├── base64-js@1.2.0
22 silly idealTree │ ├── Base64@0.2.1
22 silly idealTree │ ├── bn.js@4.11.6
22 silly idealTree │ ├── brorand@1.0.6
22 silly idealTree │ ├── browserify-aes@1.0.6
22 silly idealTree │ ├── browserify-cipher@1.0.0
22 silly idealTree │ ├── browserify-des@1.0.0
22 silly idealTree │ ├── browserify-rsa@4.0.1
22 silly idealTree │ ├── browserify-sign@4.0.0
22 silly idealTree │ ├── browserify-zlib@0.1.4
22 silly idealTree │ ├── buffer-shims@1.0.0
22 silly idealTree │ ├── buffer-xor@1.0.3
22 silly idealTree │ ├── buffer@4.9.1
22 silly idealTree │ ├── cipher-base@1.0.3
22 silly idealTree │ ├── console-browserify@1.1.0
22 silly idealTree │ ├── constants-browserify@1.0.0
22 silly idealTree │ ├── core-util-is@1.0.2
22 silly idealTree │ ├── create-ecdh@4.0.0
22 silly idealTree │ ├── create-hash@1.1.2
22 silly idealTree │ ├── create-hmac@1.1.4
22 silly idealTree │ ├── crypto-browserify@3.11.0
22 silly idealTree │ ├── date-now@0.1.4
22 silly idealTree │ ├── des.js@1.0.0
22 silly idealTree │ ├── diffie-hellman@5.0.2
22 silly idealTree │ ├── domain-browser@1.1.7
22 silly idealTree │ ├── elliptic@6.3.2
22 silly idealTree │ ├── events@1.1.1
22 silly idealTree │ ├── evp_bytestokey@1.0.0
22 silly idealTree │ ├── hash.js@1.0.3
22 silly idealTree │ ├── http-browserify@1.7.0
22 silly idealTree │ ├── https-browserify@0.0.1
22 silly idealTree │ ├── ieee754@1.1.8
22 silly idealTree │ ├── indexof@0.0.1
22 silly idealTree │ ├── inherits@2.0.1
22 silly idealTree │ ├── isarray@1.0.0
22 silly idealTree │ ├── miller-rabin@4.0.0
22 silly idealTree │ ├── minimalistic-assert@1.0.0
22 silly idealTree │ ├── os-browserify@0.2.1
22 silly idealTree │ ├── pako@0.2.9
22 silly idealTree │ ├── parse-asn1@5.0.0
22 silly idealTree │ ├── path-browserify@0.0.0
22 silly idealTree │ ├── pbkdf2@3.0.9
22 silly idealTree │ ├── process-nextick-args@1.0.7
22 silly idealTree │ ├── process@0.11.9
22 silly idealTree │ ├── public-encrypt@4.0.0
22 silly idealTree │ ├── punycode@1.4.1
22 silly idealTree │ ├── querystring-es3@0.2.1
22 silly idealTree │ ├── querystring@0.2.0
22 silly idealTree │ ├── randombytes@2.0.3
22 silly idealTree │ ├── readable-stream@2.2.1
22 silly idealTree │ ├── ripemd160@1.0.1
22 silly idealTree │ ├── sha.js@2.4.8
22 silly idealTree │ ├── stream-browserify@2.0.1
22 silly idealTree │ ├── string_decoder@0.10.31
22 silly idealTree │ ├── timers-browserify@1.4.2
22 silly idealTree │ ├── tty-browserify@0.0.0
22 silly idealTree │ ├─┬ url@0.11.0
22 silly idealTree │ │ └── punycode@1.3.2
22 silly idealTree │ ├── util-deprecate@1.0.2
22 silly idealTree │ ├── util@0.10.3
22 silly idealTree │ └── vm-browserify@0.0.4
22 silly idealTree ├── mime-db@1.26.0
22 silly idealTree ├── mime-types@2.1.14
22 silly idealTree ├── minimatch@3.0.3
22 silly idealTree ├── minimist@0.0.10
22 silly idealTree ├── mkdirp@0.3.5
22 silly idealTree ├── moment@2.17.1
22 silly idealTree ├── ms@0.7.2
22 silly idealTree ├── nan@2.4.0
22 silly idealTree ├── negotiator@0.6.1
22 silly idealTree ├── nopt@2.1.2
22 silly idealTree ├── object-assign@4.1.1
22 silly idealTree ├── object-component@0.0.3
22 silly idealTree ├── once@1.4.0
22 silly idealTree ├── optimist@0.6.1
22 silly idealTree ├── options@0.0.6
22 silly idealTree ├── parsejson@0.0.3
22 silly idealTree ├── parseqs@0.0.5
22 silly idealTree ├── parseuri@0.0.5
22 silly idealTree ├── path-is-absolute@1.0.1
22 silly idealTree ├── proto-list@1.2.4
22 silly idealTree ├── regenerator-runtime@0.10.1
22 silly idealTree ├── socket.io-adapter@0.5.0
22 silly idealTree ├─┬ socket.io-client@1.7.2
22 silly idealTree │ └── component-emitter@1.2.1
22 silly idealTree ├─┬ socket.io-parser@2.3.1
22 silly idealTree │ ├── debug@2.2.0
22 silly idealTree │ └── ms@0.7.1
22 silly idealTree ├── to-array@0.1.4
22 silly idealTree ├── ultron@1.0.2
22 silly idealTree ├── underscore.string@2.4.0
22 silly idealTree ├── underscore@1.7.0
22 silly idealTree ├── utf-8-validate@2.0.0
22 silly idealTree ├── uws@0.12.0
22 silly idealTree ├── wordwrap@0.0.3
22 silly idealTree ├── wrappy@1.0.2
22 silly idealTree ├── ws@1.1.1
22 silly idealTree ├── wtf-8@1.0.0
22 silly idealTree ├── xmlhttprequest-ssl@1.5.3
22 silly idealTree └── yeast@0.1.2
23 silly generateActionsToTake Starting
24 silly install generateActionsToTake
25 warn checkPermissions Missing write access to /Users/isaac/workspace/sat-spark/node_modules/undefined
26 silly rollbackFailedOptional Starting
27 silly rollbackFailedOptional Finishing
28 silly runTopLevelLifecycles Finishing
29 silly install printInstalled
30 verbose stack Error: ENOENT: no such file or directory, access '/Users/isaac/workspace/sat-spark/node_modules/undefined'
31 verbose cwd /Users/isaac/workspace/sat-spark
32 error Darwin 16.3.0
33 error argv "/usr/local/Cellar/node/7.4.0/bin/node" "/usr/local/bin/npm" "remove" "undefined"
34 error node v7.4.0
35 error npm  v4.0.5
36 error path /Users/isaac/workspace/sat-spark/node_modules/undefined
37 error code ENOENT
38 error errno -2
39 error syscall access
40 error enoent ENOENT: no such file or directory, access '/Users/isaac/workspace/sat-spark/node_modules/undefined'
41 error enoent ENOENT: no such file or directory, access '/Users/isaac/workspace/sat-spark/node_modules/undefined'
41 error enoent This is most likely not a problem with npm itself
41 error enoent and is related to npm not being able to find a file.
42 verbose exit [ -2, true ]
